#
# There is insufficient memory for the Java Runtime Environment to continue.
# Native memory allocation (malloc) failed to allocate 1158576 bytes for Chunk::new
# Possible reasons:
#   The system is out of physical RAM or swap space
#   In 32 bit mode, the process size limit was hit
# Possible solutions:
#   Reduce memory load on the system
#   Increase physical memory or swap space
#   Check if swap backing store is full
#   Use 64 bit Java on a 64 bit OS
#   Decrease Java heap size (-Xmx/-Xms)
#   Decrease number of Java threads
#   Decrease Java thread stack sizes (-Xss)
#   Set larger code cache with -XX:ReservedCodeCacheSize=
# This output file may be truncated or incomplete.
#
#  Out of Memory Error (allocation.cpp:390), pid=2324, tid=7872
#
# JRE version: Java(TM) SE Runtime Environment (8.0_91-b14) (build 1.8.0_91-b14)
# Java VM: Java HotSpot(TM) 64-Bit Server VM (25.91-b14 mixed mode windows-amd64 compressed oops)
# Failed to write core dump. Minidumps are not enabled by default on client versions of Windows
#

---------------  T H R E A D  ---------------

Current thread (0x000000001c123800):  JavaThread "C2 CompilerThread1" daemon [_thread_in_native, id=7872, stack(0x000000001d880000,0x000000001d980000)]

Stack: [0x000000001d880000,0x000000001d980000]
[error occurred during error reporting (printing stack bounds), id 0xc0000005]

Native frames: (J=compiled Java code, j=interpreted, Vv=VM code, C=native code)


Current CompileTask:
C2:   3516 1727       4       com.android.dx.dex.code.OutputFinisher::addConstants (93 bytes)


---------------  P R O C E S S  ---------------

Java Threads: ( => current thread )
  0x000000001dc59800 JavaThread "pool-1-thread-1" [_thread_in_Java, id=5736, stack(0x000000001fd50000,0x000000001fe50000)]
  0x000000001da84000 JavaThread "Service Thread" daemon [_thread_blocked, id=4772, stack(0x000000001de80000,0x000000001df80000)]
  0x000000001c17e000 JavaThread "C1 CompilerThread2" daemon [_thread_blocked, id=796, stack(0x000000001d980000,0x000000001da80000)]
=>0x000000001c123800 JavaThread "C2 CompilerThread1" daemon [_thread_in_native, id=7872, stack(0x000000001d880000,0x000000001d980000)]
  0x000000001c127800 JavaThread "C2 CompilerThread0" daemon [_thread_blocked, id=10116, stack(0x000000001d780000,0x000000001d880000)]
  0x000000001c126800 JavaThread "Attach Listener" daemon [_thread_blocked, id=9996, stack(0x000000001d680000,0x000000001d780000)]
  0x000000001c125000 JavaThread "Signal Dispatcher" daemon [_thread_blocked, id=6808, stack(0x000000001d580000,0x000000001d680000)]
  0x000000001c10a800 JavaThread "Finalizer" daemon [_thread_blocked, id=2092, stack(0x000000001d380000,0x000000001d480000)]
  0x00000000029ef000 JavaThread "Reference Handler" daemon [_thread_blocked, id=2284, stack(0x000000001d280000,0x000000001d380000)]
  0x0000000002900800 JavaThread "main" [_thread_blocked, id=8676, stack(0x0000000002800000,0x0000000002900000)]

Other Threads:
  0x000000001c0e8000 VMThread [stack: 0x000000001d180000,0x000000001d280000] [id=8536]
  0x000000001da98000 WatcherThread [stack: 0x000000001df80000,0x000000001e080000] [id=9844]

VM state:not at safepoint (normal execution)

VM Mutex/Monitor currently owned by a thread: None

Heap:
 PSYoungGen      total 35328K, used 22353K [0x000000076ab00000, 0x000000076d000000, 0x00000007c0000000)
  eden space 32768K, 60% used [0x000000076ab00000,0x000000076be564e8,0x000000076cb00000)
  from space 2560K, 99% used [0x000000076cb00000,0x000000076cd7e120,0x000000076cd80000)
  to   space 2560K, 0% used [0x000000076cd80000,0x000000076cd80000,0x000000076d000000)
 ParOldGen       total 44032K, used 9486K [0x00000006c0000000, 0x00000006c2b00000, 0x000000076ab00000)
  object space 44032K, 21% used [0x00000006c0000000,0x00000006c0943800,0x00000006c2b00000)
 Metaspace       used 6301K, capacity 7160K, committed 7296K, reserved 1056768K
  class space    used 610K, capacity 624K, committed 640K, reserved 1048576K

Card table byte_map: [0x0000000011dc0000,0x00000000125d0000] byte_map_base: 0x000000000e7c0000

Marking Bits: (ParMarkBitMap*) 0x0000000063d92f70
 Begin Bits: [0x0000000012f30000, 0x0000000016f30000)
 End Bits:   [0x0000000016f30000, 0x000000001af30000)

Polling page: 0x0000000002770000

CodeCache: size=245760Kb used=7424Kb max_used=7424Kb free=238335Kb
 bounds [0x0000000002a00000, 0x0000000003150000, 0x0000000011a00000]
 total_blobs=1994 nmethods=1724 adapters=182
 compilation: enabled

Compilation events (10 events):
Event: 3.489 Thread 0x000000001c17e000 nmethod 1729 0x000000000313c450 code [0x000000000313c5a0, 0x000000000313c6b0]
Event: 3.489 Thread 0x000000001c127800 1730       4       java.util.HashMap::put (13 bytes)
Event: 3.496 Thread 0x000000001c127800 nmethod 1730 0x0000000003142690 code [0x0000000003142840, 0x00000000031430c8]
Event: 3.497 Thread 0x000000001c127800 1731       4       com.android.dx.rop.cst.CstType::hashCode (8 bytes)
Event: 3.498 Thread 0x000000001c127800 nmethod 1731 0x000000000313cd10 code [0x000000000313ce60, 0x000000000313cff8]
Event: 3.500 Thread 0x000000001c127800 1732       4       com.android.dx.dex.code.OutputFinisher::addConstants (68 bytes)
Event: 3.510 Thread 0x000000001c127800 nmethod 1732 0x0000000003140ed0 code [0x00000000031410c0, 0x0000000003141c70]
Event: 3.511 Thread 0x000000001c17e000 1733       3       com.android.dx.dex.code.StdCatchBuilder::hasAnyCatches (57 bytes)
Event: 3.512 Thread 0x000000001c17e000 nmethod 1733 0x000000000313d150 code [0x000000000313d340, 0x000000000313e078]
Event: 3.513 Thread 0x000000001c17e000 1734       3       com.android.dx.dex.file.CodeItem::addContents (174 bytes)

GC Heap History (6 events):
Event: 0.959 GC heap before
{Heap before GC invocations=1 (full 0):
 PSYoungGen      total 18944K, used 16384K [0x000000076ab00000, 0x000000076c000000, 0x00000007c0000000)
  eden space 16384K, 100% used [0x000000076ab00000,0x000000076bb00000,0x000000076bb00000)
  from space 2560K, 0% used [0x000000076bd80000,0x000000076bd80000,0x000000076c000000)
  to   space 2560K, 0% used [0x000000076bb00000,0x000000076bb00000,0x000000076bd80000)
 ParOldGen       total 44032K, used 0K [0x00000006c0000000, 0x00000006c2b00000, 0x000000076ab00000)
  object space 44032K, 0% used [0x00000006c0000000,0x00000006c0000000,0x00000006c2b00000)
 Metaspace       used 5757K, capacity 6704K, committed 6784K, reserved 1056768K
  class space    used 597K, capacity 616K, committed 640K, reserved 1048576K
Event: 1.068 GC heap after
Heap after GC invocations=1 (full 0):
 PSYoungGen      total 18944K, used 2535K [0x000000076ab00000, 0x000000076d000000, 0x00000007c0000000)
  eden space 16384K, 0% used [0x000000076ab00000,0x000000076ab00000,0x000000076bb00000)
  from space 2560K, 99% used [0x000000076bb00000,0x000000076bd79c68,0x000000076bd80000)
  to   space 2560K, 0% used [0x000000076cd80000,0x000000076cd80000,0x000000076d000000)
 ParOldGen       total 44032K, used 1608K [0x00000006c0000000, 0x00000006c2b00000, 0x000000076ab00000)
  object space 44032K, 3% used [0x00000006c0000000,0x00000006c01922d8,0x00000006c2b00000)
 Metaspace       used 5757K, capacity 6704K, committed 6784K, reserved 1056768K
  class space    used 597K, capacity 616K, committed 640K, reserved 1048576K
}
Event: 1.370 GC heap before
{Heap before GC invocations=2 (full 0):
 PSYoungGen      total 18944K, used 18919K [0x000000076ab00000, 0x000000076d000000, 0x00000007c0000000)
  eden space 16384K, 100% used [0x000000076ab00000,0x000000076bb00000,0x000000076bb00000)
  from space 2560K, 99% used [0x000000076bb00000,0x000000076bd79c68,0x000000076bd80000)
  to   space 2560K, 0% used [0x000000076cd80000,0x000000076cd80000,0x000000076d000000)
 ParOldGen       total 44032K, used 1608K [0x00000006c0000000, 0x00000006c2b00000, 0x000000076ab00000)
  object space 44032K, 3% used [0x00000006c0000000,0x00000006c01922d8,0x00000006c2b00000)
 Metaspace       used 5982K, capacity 6898K, committed 7040K, reserved 1056768K
  class space    used 602K, capacity 618K, committed 640K, reserved 1048576K
Event: 1.567 GC heap after
Heap after GC invocations=2 (full 0):
 PSYoungGen      total 35328K, used 2528K [0x000000076ab00000, 0x000000076d000000, 0x00000007c0000000)
  eden space 32768K, 0% used [0x000000076ab00000,0x000000076ab00000,0x000000076cb00000)
  from space 2560K, 98% used [0x000000076cd80000,0x000000076cff8028,0x000000076d000000)
  to   space 2560K, 0% used [0x000000076cb00000,0x000000076cb00000,0x000000076cd80000)
 ParOldGen       total 44032K, used 4040K [0x00000006c0000000, 0x00000006c2b00000, 0x000000076ab00000)
  object space 44032K, 9% used [0x00000006c0000000,0x00000006c03f2068,0x00000006c2b00000)
 Metaspace       used 5982K, capacity 6898K, committed 7040K, reserved 1056768K
  class space    used 602K, capacity 618K, committed 640K, reserved 1048576K
}
Event: 2.363 GC heap before
{Heap before GC invocations=3 (full 0):
 PSYoungGen      total 35328K, used 35296K [0x000000076ab00000, 0x000000076d000000, 0x00000007c0000000)
  eden space 32768K, 100% used [0x000000076ab00000,0x000000076cb00000,0x000000076cb00000)
  from space 2560K, 98% used [0x000000076cd80000,0x000000076cff8028,0x000000076d000000)
  to   space 2560K, 0% used [0x000000076cb00000,0x000000076cb00000,0x000000076cd80000)
 ParOldGen       total 44032K, used 4040K [0x00000006c0000000, 0x00000006c2b00000, 0x000000076ab00000)
  object space 44032K, 9% used [0x00000006c0000000,0x00000006c03f2068,0x00000006c2b00000)
 Metaspace       used 6189K, capacity 7090K, committed 7296K, reserved 1056768K
  class space    used 602K, capacity 618K, committed 640K, reserved 1048576K
Event: 2.373 GC heap after
Heap after GC invocations=3 (full 0):
 PSYoungGen      total 35328K, used 2552K [0x000000076ab00000, 0x000000076d000000, 0x00000007c0000000)
  eden space 32768K, 0% used [0x000000076ab00000,0x000000076ab00000,0x000000076cb00000)
  from space 2560K, 99% used [0x000000076cb00000,0x000000076cd7e120,0x000000076cd80000)
  to   space 2560K, 0% used [0x000000076cd80000,0x000000076cd80000,0x000000076d000000)
 ParOldGen       total 44032K, used 9486K [0x00000006c0000000, 0x00000006c2b00000, 0x000000076ab00000)
  object space 44032K, 21% used [0x00000006c0000000,0x00000006c0943800,0x00000006c2b00000)
 Metaspace       used 6189K, capacity 7090K, committed 7296K, reserved 1056768K
  class space    used 602K, capacity 618K, committed 640K, reserved 1048576K
}

Deoptimization events (10 events):
Event: 3.281 Thread 0x000000001dc59800 Uncommon trap: reason=class_check action=maybe_recompile pc=0x0000000002e4edc0 method=java.util.Arrays.hashCode([Ljava/lang/Object;)I @ 43
Event: 3.462 Thread 0x000000001dc59800 Uncommon trap: reason=class_check action=maybe_recompile pc=0x0000000002e4edc0 method=java.util.Arrays.hashCode([Ljava/lang/Object;)I @ 43
Event: 3.462 Thread 0x000000001dc59800 Uncommon trap: reason=class_check action=maybe_recompile pc=0x0000000002e4edc0 method=java.util.Arrays.hashCode([Ljava/lang/Object;)I @ 43
Event: 3.462 Thread 0x000000001dc59800 Uncommon trap: reason=class_check action=maybe_recompile pc=0x0000000002e43274 method=java.util.Arrays.hashCode([Ljava/lang/Object;)I @ 43
Event: 3.468 Thread 0x000000001dc59800 Uncommon trap: reason=bimorphic action=maybe_recompile pc=0x0000000002d4b4c4 method=java.util.HashMap.getNode(ILjava/lang/Object;)Ljava/util/HashMap$Node; @ 126
Event: 3.473 Thread 0x000000001dc59800 Uncommon trap: reason=bimorphic action=maybe_recompile pc=0x0000000002d4b4c4 method=java.util.HashMap.getNode(ILjava/lang/Object;)Ljava/util/HashMap$Node; @ 126
Event: 3.473 Thread 0x000000001dc59800 Uncommon trap: reason=unstable_if action=reinterpret pc=0x0000000002e8a900 method=java.util.HashMap.putVal(ILjava/lang/Object;Ljava/lang/Object;ZZ)Ljava/lang/Object; @ 193
Event: 3.473 Thread 0x000000001dc59800 Uncommon trap: reason=bimorphic action=maybe_recompile pc=0x0000000002d4b4c4 method=java.util.HashMap.getNode(ILjava/lang/Object;)Ljava/util/HashMap$Node; @ 126
Event: 3.473 Thread 0x000000001dc59800 Uncommon trap: reason=bimorphic action=maybe_recompile pc=0x0000000002d4b4c4 method=java.util.HashMap.getNode(ILjava/lang/Object;)Ljava/util/HashMap$Node; @ 126
Event: 3.473 Thread 0x000000001dc59800 Uncommon trap: reason=unstable_if action=reinterpret pc=0x0000000002e2c5f8 method=java.util.HashMap.putVal(ILjava/lang/Object;Ljava/lang/Object;ZZ)Ljava/lang/Object; @ 193

Internal exceptions (4 events):
Event: 0.181 Thread 0x0000000002900800 Exception <a 'java/lang/NoSuchMethodError': Method sun.misc.Unsafe.defineClass(Ljava/lang/String;[BII)Ljava/lang/Class; name or signature does not match> (0x000000076ab07cc0) thrown at [C:\re\workspace\8-2-build-windows-amd64-cygwin\jdk8u91\6644\hotspot\sr{≤Öï «?
Event: 0.181 Thread 0x0000000002900800 Exception <a 'java/lang/NoSuchMethodError': Method sun.misc.Unsafe.prefetchRead(Ljava/lang/Object;J)V name or signature does not match> (0x000000076ab07fa8) thrown at [C:\re\workspace\8-2-build-windows-amd64-cygwin\jdk8u91\6644\hotspot\src\share\vm\prims\jê%ôgÇ
Event: 2.007 Thread 0x000000001dccd800 Implicit null exception at 0x0000000002d1a162 to 0x0000000002d1acb5
Event: 2.170 Thread 0x000000001dc5c000 Implicit null exception at 0x0000000002d0e538 to 0x0000000002d0fa41

Events (10 events):
Event: 3.473 Thread 0x000000001dc59800 DEOPT PACKING pc=0x0000000002d4b4c4 sp=0x000000001fe4e970
Event: 3.473 Thread 0x000000001dc59800 DEOPT UNPACKING pc=0x0000000002a4582a sp=0x000000001fe4e8f0 mode 2
Event: 3.473 Thread 0x000000001dc59800 Uncommon trap: trap_request=0xffffffc6 fr.pc=0x0000000002d4b4c4
Event: 3.473 Thread 0x000000001dc59800 DEOPT PACKING pc=0x0000000002d4b4c4 sp=0x000000001fe4e970
Event: 3.473 Thread 0x000000001dc59800 DEOPT UNPACKING pc=0x0000000002a4582a sp=0x000000001fe4e8f0 mode 2
Event: 3.473 Thread 0x000000001dc59800 Uncommon trap: trap_request=0xffffff65 fr.pc=0x0000000002e2c5f8
Event: 3.473 Thread 0x000000001dc59800 DEOPT PACKING pc=0x0000000002e2c5f8 sp=0x000000001fe4e970
Event: 3.473 Thread 0x000000001dc59800 DEOPT UNPACKING pc=0x0000000002a4582a sp=0x000000001fe4e928 mode 2
Event: 3.486 loading class com/android/dx/dex/file/CatchStructs
Event: 3.486 loading class com/android/dx/dex/file/CatchStructs done


Dynamic libraries:
0x00007ff791ee0000 - 0x00007ff791f17000 	C:\Program Files\Java\jdk1.8.0_91\bin\java.exe
0x00007ffb8d480000 - 0x00007ffb8d651000 	C:\WINDOWS\SYSTEM32\ntdll.dll
0x00007ffb8c570000 - 0x00007ffb8c61b000 	C:\WINDOWS\System32\KERNEL32.DLL
0x00007ffb8a160000 - 0x00007ffb8a37d000 	C:\WINDOWS\System32\KERNELBASE.dll
0x00007ffb8cf60000 - 0x00007ffb8d002000 	C:\WINDOWS\System32\ADVAPI32.dll
0x00007ffb8d010000 - 0x00007ffb8d0ae000 	C:\WINDOWS\System32\msvcrt.dll
0x00007ffb8d200000 - 0x00007ffb8d259000 	C:\WINDOWS\System32\sechost.dll
0x00007ffb8c790000 - 0x00007ffb8c8b1000 	C:\WINDOWS\System32\RPCRT4.dll
0x00007ffb8c620000 - 0x00007ffb8c785000 	C:\WINDOWS\System32\USER32.dll
0x00007ffb8a900000 - 0x00007ffb8a91e000 	C:\WINDOWS\System32\win32u.dll
0x00007ffb8aa10000 - 0x00007ffb8aa44000 	C:\WINDOWS\System32\GDI32.dll
0x00007ffb8a4a0000 - 0x00007ffb8a622000 	C:\WINDOWS\System32\gdi32full.dll
0x00007ffb82b60000 - 0x00007ffb82dd9000 	C:\WINDOWS\WinSxS\amd64_microsoft.windows.common-controls_6595b64144ccf1df_6.0.14393.0_none_2d0f50fcbdb171b8\COMCTL32.dll
0x00007ffb8c000000 - 0x00007ffb8c2c7000 	C:\WINDOWS\System32\combase.dll
0x00007ffb8a800000 - 0x00007ffb8a8f5000 	C:\WINDOWS\System32\ucrtbase.dll
0x00007ffb8a430000 - 0x00007ffb8a49a000 	C:\WINDOWS\System32\bcryptPrimitives.dll
0x00007ffb8c4e0000 - 0x00007ffb8c50e000 	C:\WINDOWS\System32\IMM32.DLL
0x0000000063e20000 - 0x0000000063ef2000 	C:\Program Files\Java\jdk1.8.0_91\jre\bin\msvcr100.dll
0x0000000063580000 - 0x0000000063e13000 	C:\Program Files\Java\jdk1.8.0_91\jre\bin\server\jvm.dll
0x00007ffb8d0b0000 - 0x00007ffb8d0b8000 	C:\WINDOWS\System32\PSAPI.DLL
0x00007ffb7f7a0000 - 0x00007ffb7f7a9000 	C:\WINDOWS\SYSTEM32\WSOCK32.dll
0x00007ffb8cef0000 - 0x00007ffb8cf5a000 	C:\WINDOWS\System32\WS2_32.dll
0x00007ffb87d00000 - 0x00007ffb87d23000 	C:\WINDOWS\SYSTEM32\WINMM.dll
0x00007ffb85d30000 - 0x00007ffb85d3a000 	C:\WINDOWS\SYSTEM32\VERSION.dll
0x00007ffb87ca0000 - 0x00007ffb87ccb000 	C:\WINDOWS\SYSTEM32\WINMMBASE.dll
0x00007ffb8a9c0000 - 0x00007ffb8aa02000 	C:\WINDOWS\System32\cfgmgr32.dll
0x0000000063570000 - 0x000000006357f000 	C:\Program Files\Java\jdk1.8.0_91\jre\bin\verify.dll
0x0000000063540000 - 0x0000000063569000 	C:\Program Files\Java\jdk1.8.0_91\jre\bin\java.dll
0x0000000063520000 - 0x0000000063536000 	C:\Program Files\Java\jdk1.8.0_91\jre\bin\zip.dll
0x00007ffb8aa50000 - 0x00007ffb8bf58000 	C:\WINDOWS\System32\SHELL32.dll
0x00007ffb89970000 - 0x00007ffb8a04a000 	C:\WINDOWS\System32\windows.storage.dll
0x00007ffb89900000 - 0x00007ffb8994c000 	C:\WINDOWS\System32\powrprof.dll
0x00007ffb8c2d0000 - 0x00007ffb8c322000 	C:\WINDOWS\System32\shlwapi.dll
0x00007ffb898f0000 - 0x00007ffb898ff000 	C:\WINDOWS\System32\kernel.appcore.dll
0x00007ffb8a380000 - 0x00007ffb8a429000 	C:\WINDOWS\System32\shcore.dll
0x00007ffb89950000 - 0x00007ffb89964000 	C:\WINDOWS\System32\profapi.dll

VM Arguments:
jvm_args: -Djava.awt.headless=true -Xmx4g -Dfile.encoding=windows-1252 -Duser.country=IT -Duser.language=it -Duser.variant 
java_command: com.android.dx.command.Main --dex --force-jumbo --num-threads=4 --multi-dex --output C:\Users\Nicola\AndroidStudioProjects\AllWeather\app\build\intermediates\transforms\dex\debug\folders\1000\10\com.android.support-mediarouter-v7-23.0.0_4b68513af06cfa33f85570731061d3bdab9dee94 C:\Users\Nicola\AndroidStudioProjects\AllWeather\app\build\intermediates\exploded-aar\com.android.support\mediarouter-v7\23.0.0\jars\classes.jar
java_class_path (initial): C:\Users\Nicola\AppData\Local\Android\sdk\build-tools\24.0.2\lib\dx.jar
Launcher Type: SUN_STANDARD

Environment Variables:
JAVA_HOME=C:\Program Files\Java\jdk1.8.0_91
PATH=C:\ProgramData\Oracle\Java\javapath;C:\Windows\system32;C:\Windows;C:\Windows\System32\Wbem;C:\Windows\System32\WindowsPowerShell\v1.0\;C:\Program Files (x86)\NVIDIA Corporation\PhysX\Common;C:\Program Files\Git\cmd;C:\WINDOWS\system32;C:\WINDOWS;C:\WINDOWS\System32\Wbem;C:\WINDOWS\System32\WindowsPowerShell\v1.0\;C:\Program Files (x86)\Skype\Phone\;C:\Users\Nicola\AppData\Local\Microsoft\WindowsApps;
USERNAME=Nicola
OS=Windows_NT
PROCESSOR_IDENTIFIER=Intel64 Family 6 Model 42 Stepping 7, GenuineIntel



---------------  S Y S T E M  ---------------

OS: Windows 10.0 , 64 bit Build 14393 (10.0.14393.0)

CPU:total 4 (4 cores per cpu, 1 threads per core) family 6 model 42 stepping 7, cmov, cx8, fxsr, mmx, sse, sse2, sse3, ssse3, sse4.1, sse4.2, popcnt, avx, aes, clmul, tsc, tscinvbit

Memory: 4k page, physical 4162760k(429396k free), swap 11913796k(5100k free)

vm_info: Java HotSpot(TM) 64-Bit Server VM (25.91-b14) for windows-amd64 JRE (1.8.0_91-b14), built on Apr  1 2016 00:58:32 by "java_re" with MS VC++ 10.0 (VS2010)

time: Thu Sep 29 20:32:08 2016
elapsed time: 3 seconds (0d 0h 0m 3s)

