#
# There is insufficient memory for the Java Runtime Environment to continue.
# Native memory allocation (malloc) failed to allocate 1048576 bytes for AllocateHeap
# Possible reasons:
#   The system is out of physical RAM or swap space
#   In 32 bit mode, the process size limit was hit
# Possible solutions:
#   Reduce memory load on the system
#   Increase physical memory or swap space
#   Check if swap backing store is full
#   Use 64 bit Java on a 64 bit OS
#   Decrease Java heap size (-Xmx/-Xms)
#   Decrease number of Java threads
#   Decrease Java thread stack sizes (-Xss)
#   Set larger code cache with -XX:ReservedCodeCacheSize=
# This output file may be truncated or incomplete.
#
#  Out of Memory Error (memory/allocation.inline.hpp:61), pid=6664, tid=3172
#
# JRE version:  (8.0_91-b14) (build )
# Java VM: Java HotSpot(TM) 64-Bit Server VM (25.91-b14 mixed mode windows-amd64 compressed oops)
# Failed to write core dump. Minidumps are not enabled by default on client versions of Windows
#

---------------  T H R E A D  ---------------

Current thread (0x0000000002910800):  JavaThread "Unknown thread" [_thread_in_vm, id=3172, stack(0x00000000027b0000,0x00000000028b0000)]

Stack: [0x00000000027b0000,0x00000000028b0000]
[error occurred during error reporting (printing stack bounds), id 0xc0000005]

Native frames: (J=compiled Java code, j=interpreted, Vv=VM code, C=native code)


---------------  P R O C E S S  ---------------

Java Threads: ( => current thread )

Other Threads:

=>0x0000000002910800 (exited) JavaThread "Unknown thread" [_thread_in_vm, id=3172, stack(0x00000000027b0000,0x00000000028b0000)]

VM state:not at safepoint (normal execution)

VM Mutex/Monitor currently owned by a thread: None

Heap:
 PSYoungGen      total 18944K, used 327K [0x000000076ab00000, 0x000000076c000000, 0x00000007c0000000)
  eden space 16384K, 2% used [0x000000076ab00000,0x000000076ab51ec8,0x000000076bb00000)
  from space 2560K, 0% used [0x000000076bd80000,0x000000076bd80000,0x000000076c000000)
  to   space 2560K, 0% used [0x000000076bb00000,0x000000076bb00000,0x000000076bd80000)
 ParOldGen       total 44032K, used 0K [0x00000006c0000000, 0x00000006c2b00000, 0x000000076ab00000)
  object space 44032K, 0% used [0x00000006c0000000,0x00000006c0000000,0x00000006c2b00000)
 Metaspace       used 769K, capacity 4480K, committed 4480K, reserved 1056768K
  class space    used 75K, capacity 384K, committed 384K, reserved 1048576K

Card table byte_map: [0x0000000011dd0000,0x00000000125e0000] byte_map_base: 0x000000000e7d0000

Marking Bits: (ParMarkBitMap*) 0x0000000063d92f70
 Begin Bits: [0x0000000012f40000, 0x0000000016f40000)
 End Bits:   [0x0000000016f40000, 0x000000001af40000)

Polling page: 0x0000000000f60000

CodeCache: size=245760Kb used=328Kb max_used=328Kb free=245431Kb
 bounds [0x0000000002a10000, 0x0000000002c80000, 0x0000000011a10000]
 total_blobs=58 nmethods=0 adapters=38
 compilation: enabled

Compilation events (0 events):
No events

GC Heap History (0 events):
No events

Deoptimization events (0 events):
No events

Internal exceptions (0 events):
No events

Events (10 events):
Event: 0.277 loading class java/lang/Short
Event: 0.277 loading class java/lang/Short done
Event: 0.277 loading class java/lang/Integer
Event: 0.278 loading class java/lang/Integer done
Event: 0.278 loading class java/lang/Long
Event: 0.278 loading class java/lang/Long done
Event: 0.279 loading class java/lang/NullPointerException
Event: 0.279 loading class java/lang/NullPointerException done
Event: 0.279 loading class java/lang/ArithmeticException
Event: 0.279 loading class java/lang/ArithmeticException done


Dynamic libraries:
0x00007ff6ac020000 - 0x00007ff6ac057000 	C:\Program Files\Java\jdk1.8.0_91\bin\java.exe
0x00007ffb8d480000 - 0x00007ffb8d651000 	C:\WINDOWS\SYSTEM32\ntdll.dll
0x00007ffb8c570000 - 0x00007ffb8c61b000 	C:\WINDOWS\System32\KERNEL32.DLL
0x00007ffb8a160000 - 0x00007ffb8a37d000 	C:\WINDOWS\System32\KERNELBASE.dll
0x00007ffb8cf60000 - 0x00007ffb8d002000 	C:\WINDOWS\System32\ADVAPI32.dll
0x00007ffb8d010000 - 0x00007ffb8d0ae000 	C:\WINDOWS\System32\msvcrt.dll
0x00007ffb8d200000 - 0x00007ffb8d259000 	C:\WINDOWS\System32\sechost.dll
0x00007ffb8c790000 - 0x00007ffb8c8b1000 	C:\WINDOWS\System32\RPCRT4.dll
0x00007ffb8c620000 - 0x00007ffb8c785000 	C:\WINDOWS\System32\USER32.dll
0x00007ffb8a900000 - 0x00007ffb8a91e000 	C:\WINDOWS\System32\win32u.dll
0x00007ffb8aa10000 - 0x00007ffb8aa44000 	C:\WINDOWS\System32\GDI32.dll
0x00007ffb8a4a0000 - 0x00007ffb8a622000 	C:\WINDOWS\System32\gdi32full.dll
0x00007ffb82b60000 - 0x00007ffb82dd9000 	C:\WINDOWS\WinSxS\amd64_microsoft.windows.common-controls_6595b64144ccf1df_6.0.14393.0_none_2d0f50fcbdb171b8\COMCTL32.dll
0x00007ffb8c000000 - 0x00007ffb8c2c7000 	C:\WINDOWS\System32\combase.dll
0x00007ffb8a800000 - 0x00007ffb8a8f5000 	C:\WINDOWS\System32\ucrtbase.dll
0x00007ffb8a430000 - 0x00007ffb8a49a000 	C:\WINDOWS\System32\bcryptPrimitives.dll
0x00007ffb8c4e0000 - 0x00007ffb8c50e000 	C:\WINDOWS\System32\IMM32.DLL
0x0000000063e20000 - 0x0000000063ef2000 	C:\Program Files\Java\jdk1.8.0_91\jre\bin\msvcr100.dll
0x0000000063580000 - 0x0000000063e13000 	C:\Program Files\Java\jdk1.8.0_91\jre\bin\server\jvm.dll
0x00007ffb8d0b0000 - 0x00007ffb8d0b8000 	C:\WINDOWS\System32\PSAPI.DLL
0x00007ffb7b360000 - 0x00007ffb7b369000 	C:\WINDOWS\SYSTEM32\WSOCK32.dll
0x00007ffb8cef0000 - 0x00007ffb8cf5a000 	C:\WINDOWS\System32\WS2_32.dll
0x00007ffb87d00000 - 0x00007ffb87d23000 	C:\WINDOWS\SYSTEM32\WINMM.dll
0x00007ffb85d30000 - 0x00007ffb85d3a000 	C:\WINDOWS\SYSTEM32\VERSION.dll
0x00007ffb87ca0000 - 0x00007ffb87ccb000 	C:\WINDOWS\SYSTEM32\WINMMBASE.dll
0x00007ffb8a9c0000 - 0x00007ffb8aa02000 	C:\WINDOWS\System32\cfgmgr32.dll
0x0000000063570000 - 0x000000006357f000 	C:\Program Files\Java\jdk1.8.0_91\jre\bin\verify.dll
0x0000000063540000 - 0x0000000063569000 	C:\Program Files\Java\jdk1.8.0_91\jre\bin\java.dll
0x0000000063520000 - 0x0000000063536000 	C:\Program Files\Java\jdk1.8.0_91\jre\bin\zip.dll

VM Arguments:
jvm_args: -Djava.awt.headless=true -Xmx4g -Dfile.encoding=windows-1252 -Duser.country=IT -Duser.language=it -Duser.variant 
java_command: com.android.dx.command.Main --dex --force-jumbo --num-threads=4 --multi-dex --output C:\Users\Nicola\AndroidStudioProjects\AllWeather\app\build\intermediates\transforms\dex\debug\folders\1000\10\com.google.android.gms-play-services-tasks-9.4.0_e295fc3723095cc19fe48e74a3ff27794d960a96 C:\Users\Nicola\AndroidStudioProjects\AllWeather\app\build\intermediates\exploded-aar\com.google.android.gms\play-services-tasks\9.4.0\jars\classes.jar
java_class_path (initial): C:\Users\Nicola\AppData\Local\Android\sdk\build-tools\24.0.2\lib\dx.jar
Launcher Type: SUN_STANDARD

Environment Variables:
JAVA_HOME=C:\Program Files\Java\jdk1.8.0_91
PATH=C:\ProgramData\Oracle\Java\javapath;C:\Windows\system32;C:\Windows;C:\Windows\System32\Wbem;C:\Windows\System32\WindowsPowerShell\v1.0\;C:\Program Files (x86)\NVIDIA Corporation\PhysX\Common;C:\Program Files\Git\cmd;C:\WINDOWS\system32;C:\WINDOWS;C:\WINDOWS\System32\Wbem;C:\WINDOWS\System32\WindowsPowerShell\v1.0\;C:\Program Files (x86)\Skype\Phone\;C:\Users\Nicola\AppData\Local\Microsoft\WindowsApps;
USERNAME=Nicola
OS=Windows_NT
PROCESSOR_IDENTIFIER=Intel64 Family 6 Model 42 Stepping 7, GenuineIntel



---------------  S Y S T E M  ---------------

OS: Windows 10.0 , 64 bit Build 14393 (10.0.14393.0)

CPU:total 4 (4 cores per cpu, 1 threads per core) family 6 model 42 stepping 7, cmov, cx8, fxsr, mmx, sse, sse2, sse3, ssse3, sse4.1, sse4.2, popcnt, avx, aes, clmul, tsc, tscinvbit

Memory: 4k page, physical 4162760k(352652k free), swap 11913796k(5792k free)

vm_info: Java HotSpot(TM) 64-Bit Server VM (25.91-b14) for windows-amd64 JRE (1.8.0_91-b14), built on Apr  1 2016 00:58:32 by "java_re" with MS VC++ 10.0 (VS2010)

time: Tue Sep 27 21:42:39 2016
elapsed time: 0 seconds (0d 0h 0m 0s)

